{"/Users/alearanibar/codingcfv/JS-Big-O/javascript-problems/algorithms/insertionSort.js": {"path":"/Users/alearanibar/codingcfv/JS-Big-O/javascript-problems/algorithms/insertionSort.js","statementMap":{"0":{"start":{"line":22,"column":4},"end":{"line":32,"column":5}},"1":{"start":{"line":22,"column":16},"end":{"line":22,"column":17}},"2":{"start":{"line":23,"column":22},"end":{"line":23,"column":28}},"3":{"start":{"line":24,"column":8},"end":{"line":24,"column":38}},"4":{"start":{"line":25,"column":8},"end":{"line":29,"column":9}},"5":{"start":{"line":25,"column":20},"end":{"line":25,"column":23}},"6":{"start":{"line":26,"column":12},"end":{"line":26,"column":30}},"7":{"start":{"line":27,"column":12},"end":{"line":27,"column":31}},"8":{"start":{"line":28,"column":12},"end":{"line":28,"column":28}},"9":{"start":{"line":30,"column":8},"end":{"line":30,"column":28}},"10":{"start":{"line":31,"column":8},"end":{"line":31,"column":24}},"11":{"start":{"line":34,"column":4},"end":{"line":34,"column":14}},"12":{"start":{"line":52,"column":0},"end":{"line":52,"column":48}},"13":{"start":{"line":67,"column":0},"end":{"line":67,"column":31}}},"fnMap":{"0":{"name":"insertionSort","decl":{"start":{"line":21,"column":9},"end":{"line":21,"column":22}},"loc":{"start":{"line":21,"column":27},"end":{"line":36,"column":1}},"line":21}},"branchMap":{"0":{"loc":{"start":{"line":25,"column":25},"end":{"line":25,"column":52}},"type":"binary-expr","locations":[{"start":{"line":25,"column":25},"end":{"line":25,"column":31}},{"start":{"line":25,"column":36},"end":{"line":25,"column":52}}],"line":25}},"s":{"0":2,"1":2,"2":9,"3":9,"4":9,"5":9,"6":12,"7":12,"8":12,"9":9,"10":9,"11":2,"12":1,"13":1},"f":{"0":2},"b":{"0":[21,19]},"_coverageSchema":"1a1c01bbd47fc00a2c39e90264f33305004495a9","hash":"350c218a320ed7e810a40c3d5a39e978bb5ec3db"}
}
